; =============================================================================
; SYSTEM.LOG - KSDOS System Event Log
; Permanent system event logging
; =============================================================================

KSDOS System Event Log
=====================

Event ID: 1001 - System Startup
Timestamp: 2024-01-01 00:00:00
Severity: INFO
Source: KERNEL
Description: KSDOS v2.0 Professional system startup initiated

Event ID: 1002 - Kernel Loaded
Timestamp: 2024-01-01 00:00:01
Severity: INFO
Source: KERNEL
Description: Kernel modules loaded successfully

Event ID: 2001 - Drivers Initialized
Timestamp: 2024-01-01 00:00:02
Severity: INFO
Source: DRIVERS
Description: All device drivers initialized successfully

Event ID: 3001 - File Systems Mounted
Timestamp: 2024-01-01 00:00:03
Severity: INFO
Source: FILESYSTEM
Description: All file systems mounted successfully

Event ID: 4001 - Services Started
Timestamp: 2024-01-01 00:00:04
Severity: INFO
Source: SERVICES
Description: System services started successfully

Event ID: 5001 - System Ready
Timestamp: 2024-01-01 00:00:05
Severity: INFO
Source: SYSTEM
Description: System is ready for user interaction

Log Status: ACTIVE
Total Events: 6
Log Size: 2048 bytes
