; =============================================================================
; TEMP.LOG - KSDOS Temporary Log File
; System temporary logging and debugging information
; =============================================================================

KSDOS System Log - Version 2.0 Professional
===========================================

[2024-01-01 00:00:00] System initialization started
[2024-01-01 00:00:01] Loading kernel modules
[2024-01-01 00:00:02] Initializing device drivers
[2024-01-01 00:00:03] Mounting file systems
[2024-01-01 00:00:04] Starting system services
[2024-01-01 00:00:05] System ready for user interaction
[2024-01-01 00:00:06] All system components loaded successfully

System Status: RUNNING
Memory Usage: 640KB / 1MB
Disk Usage: 2MB / 100MB
Network Status: Connected
Uptime: 0 days, 0 hours, 0 minutes

End of Log
==========
